    0.39075563E+00
    0.44571756E-08
    0.53491169E-04
  300
    0.13907563E+01    0.44571756E-08
    0.13907082E+01    0.74619040E-02
    0.13905639E+01    0.14924330E-01
    0.13903233E+01    0.22387811E-01
    0.13899863E+01    0.29852877E-01
    0.13895529E+01    0.37320067E-01
    0.13890229E+01    0.44789925E-01
    0.13883961E+01    0.52263003E-01
    0.13876721E+01    0.59739868E-01
    0.13868509E+01    0.67221095E-01
    0.13859320E+01    0.74707273E-01
    0.13849152E+01    0.82199012E-01
    0.13838000E+01    0.89696934E-01
    0.13825859E+01    0.97201678E-01
    0.13812725E+01    0.10471391E+00
    0.13798593E+01    0.11223432E+00
    0.13783457E+01    0.11976360E+00
    0.13767310E+01    0.12730250E+00
    0.13750145E+01    0.13485175E+00
    0.13731955E+01    0.14241216E+00
    0.13712732E+01    0.14998452E+00
    0.13692466E+01    0.15756968E+00
    0.13671149E+01    0.16516850E+00
    0.13648769E+01    0.17278188E+00
    0.13625317E+01    0.18041074E+00
    0.13600779E+01    0.18805604E+00
    0.13575144E+01    0.19571878E+00
    0.13548397E+01    0.20339995E+00
    0.13520525E+01    0.21110062E+00
    0.13491512E+01    0.21882187E+00
    0.13461342E+01    0.22656480E+00
    0.13429996E+01    0.23433057E+00
    0.13397457E+01    0.24212033E+00
    0.13363705E+01    0.24993528E+00
    0.13328718E+01    0.25777667E+00
    0.13292474E+01    0.26564572E+00
    0.13254950E+01    0.27354373E+00
    0.13216120E+01    0.28147198E+00
    0.13175959E+01    0.28943181E+00
    0.13134437E+01    0.29742453E+00
    0.13091526E+01    0.30545150E+00
    0.13047193E+01    0.31351409E+00
    0.13001407E+01    0.32161363E+00
    0.12954131E+01    0.32975151E+00
    0.12905329E+01    0.33792907E+00
    0.12854963E+01    0.34614764E+00
    0.12802991E+01    0.35440855E+00
    0.12749371E+01    0.36271308E+00
    0.12694056E+01    0.37106247E+00
    0.12637000E+01    0.37945790E+00
    0.12578153E+01    0.38790050E+00
    0.12517461E+01    0.39639126E+00
    0.12454870E+01    0.40493113E+00
    0.12390322E+01    0.41352089E+00
    0.12323756E+01    0.42216116E+00
    0.12255109E+01    0.43085238E+00
    0.12184315E+01    0.43959479E+00
    0.12111304E+01    0.44838833E+00
    0.12036005E+01    0.45723267E+00
    0.11958343E+01    0.46612708E+00
    0.11878239E+01    0.47507042E+00
    0.11795613E+01    0.48406106E+00
    0.11710380E+01    0.49309677E+00
    0.11622456E+01    0.50217464E+00
    0.11531751E+01    0.51129097E+00
    0.11438175E+01    0.52044109E+00
    0.11341635E+01    0.52961931E+00
    0.11242039E+01    0.53881861E+00
    0.11139292E+01    0.54803048E+00
    0.11033303E+01    0.55724474E+00
    0.10923981E+01    0.56644915E+00
    0.10811237E+01    0.57562908E+00
    0.10694991E+01    0.58476723E+00
    0.10575167E+01    0.59384308E+00
    0.10451703E+01    0.60283236E+00
    0.10324549E+01    0.61170657E+00
    0.10193676E+01    0.62043212E+00
    0.10059078E+01    0.62896982E+00
    0.99207786E+00    0.63727376E+00
    0.97788428E+00    0.64529068E+00
    0.96333820E+00    0.65295877E+00
    0.94845663E+00    0.66020692E+00
    0.93326364E+00    0.66695379E+00
    0.91779171E+00    0.67310714E+00
    0.90208305E+00    0.67856357E+00
    0.88619102E+00    0.68320890E+00
    0.87018119E+00    0.68691943E+00
    0.85413219E+00    0.68956437E+00
    0.83813562E+00    0.69101005E+00
    0.82229513E+00    0.69112582E+00
    0.80672400E+00    0.68979187E+00
    0.79154125E+00    0.68690846E+00
    0.77686615E+00    0.68240591E+00
    0.76281172E+00    0.67625345E+00
    0.74947780E+00    0.66846579E+00
    0.73694468E+00    0.65910578E+00
    0.72526874E+00    0.64828168E+00
    0.71448016E+00    0.63614023E+00
    0.70458349E+00    0.62285589E+00
    0.69556061E+00    0.60861829E+00
    0.68737499E+00    0.59362029E+00
    0.67997688E+00    0.57804762E+00
    0.67330823E+00    0.56207142E+00
    0.66730704E+00    0.54584348E+00
    0.66191079E+00    0.52949415E+00
    0.65705885E+00    0.51313229E+00
    0.65269412E+00    0.49684636E+00
    0.64876393E+00    0.48070647E+00
    0.64522050E+00    0.46476667E+00
    0.64202088E+00    0.44906742E+00
    0.63912681E+00    0.43363789E+00
    0.63650448E+00    0.41849784E+00
    0.63412396E+00    0.40365970E+00
    0.63195903E+00    0.38912977E+00
    0.62998654E+00    0.37490982E+00
    0.62818626E+00    0.36099784E+00
    0.62654036E+00    0.34738907E+00
    0.62503319E+00    0.33407667E+00
    0.62365097E+00    0.32105221E+00
    0.62238160E+00    0.30830613E+00
    0.62121436E+00    0.29582813E+00
    0.62013981E+00    0.28360737E+00
    0.61914959E+00    0.27163273E+00
    0.61823628E+00    0.25989296E+00
    0.61739333E+00    0.24837679E+00
    0.61661487E+00    0.23707304E+00
    0.61589571E+00    0.22597068E+00
    0.61523118E+00    0.21505889E+00
    0.61461717E+00    0.20432707E+00
    0.61404994E+00    0.19376490E+00
    0.61352621E+00    0.18336231E+00
    0.61304297E+00    0.17310953E+00
    0.61259761E+00    0.16299704E+00
    0.61218767E+00    0.15301563E+00
    0.61181111E+00    0.14315630E+00
    0.61146592E+00    0.13341037E+00
    0.61115046E+00    0.12376936E+00
    0.61086316E+00    0.11422502E+00
    0.61060264E+00    0.10476935E+00
    0.61036775E+00    0.95394489E-01
    0.61015732E+00    0.86092828E-01
    0.60997052E+00    0.76856867E-01
    0.60980639E+00    0.67679307E-01
    0.60966432E+00    0.58552942E-01
    0.60954363E+00    0.49470716E-01
    0.60944381E+00    0.40425662E-01
    0.60936449E+00    0.31410899E-01
    0.60930524E+00    0.22419629E-01
    0.60926593E+00    0.13445094E-01
    0.60924628E+00    0.44805879E-02
    0.60924628E+00   -0.44805790E-02
    0.60926593E+00   -0.13445085E-01
    0.60930524E+00   -0.22419620E-01
    0.60936449E+00   -0.31410890E-01
    0.60944381E+00   -0.40425653E-01
    0.60954363E+00   -0.49470707E-01
    0.60966432E+00   -0.58552933E-01
    0.60980639E+00   -0.67679298E-01
    0.60997052E+00   -0.76856859E-01
    0.61015732E+00   -0.86092819E-01
    0.61036775E+00   -0.95394480E-01
    0.61060264E+00   -0.10476934E+00
    0.61086316E+00   -0.11422502E+00
    0.61115046E+00   -0.12376935E+00
    0.61146592E+00   -0.13341037E+00
    0.61181111E+00   -0.14315629E+00
    0.61218767E+00   -0.15301562E+00
    0.61259761E+00   -0.16299703E+00
    0.61304296E+00   -0.17310952E+00
    0.61352621E+00   -0.18336230E+00
    0.61404994E+00   -0.19376489E+00
    0.61461717E+00   -0.20432706E+00
    0.61523118E+00   -0.21505888E+00
    0.61589571E+00   -0.22597067E+00
    0.61661487E+00   -0.23707303E+00
    0.61739333E+00   -0.24837678E+00
    0.61823628E+00   -0.25989295E+00
    0.61914958E+00   -0.27163272E+00
    0.62013980E+00   -0.28360736E+00
    0.62121436E+00   -0.29582812E+00
    0.62238160E+00   -0.30830612E+00
    0.62365097E+00   -0.32105220E+00
    0.62503318E+00   -0.33407667E+00
    0.62654036E+00   -0.34738906E+00
    0.62818626E+00   -0.36099783E+00
    0.62998654E+00   -0.37490982E+00
    0.63195903E+00   -0.38912977E+00
    0.63412395E+00   -0.40365969E+00
    0.63650448E+00   -0.41849783E+00
    0.63912681E+00   -0.43363788E+00
    0.64202088E+00   -0.44906742E+00
    0.64522050E+00   -0.46476666E+00
    0.64876393E+00   -0.48070646E+00
    0.65269412E+00   -0.49684635E+00
    0.65705885E+00   -0.51313228E+00
    0.66191079E+00   -0.52949414E+00
    0.66730704E+00   -0.54584347E+00
    0.67330823E+00   -0.56207141E+00
    0.67997688E+00   -0.57804762E+00
    0.68737499E+00   -0.59362029E+00
    0.69556061E+00   -0.60861829E+00
    0.70458349E+00   -0.62285588E+00
    0.71448015E+00   -0.63614023E+00
    0.72526873E+00   -0.64828168E+00
    0.73694468E+00   -0.65910578E+00
    0.74947779E+00   -0.66846579E+00
    0.76281172E+00   -0.67625345E+00
    0.77686615E+00   -0.68240591E+00
    0.79154125E+00   -0.68690846E+00
    0.80672400E+00   -0.68979187E+00
    0.82229513E+00   -0.69112582E+00
    0.83813562E+00   -0.69101005E+00
    0.85413219E+00   -0.68956437E+00
    0.87018119E+00   -0.68691943E+00
    0.88619101E+00   -0.68320890E+00
    0.90208305E+00   -0.67856357E+00
    0.91779170E+00   -0.67310714E+00
    0.93326364E+00   -0.66695380E+00
    0.94845662E+00   -0.66020692E+00
    0.96333820E+00   -0.65295877E+00
    0.97788428E+00   -0.64529068E+00
    0.99207785E+00   -0.63727376E+00
    0.10059078E+01   -0.62896982E+00
    0.10193676E+01   -0.62043212E+00
    0.10324549E+01   -0.61170657E+00
    0.10451703E+01   -0.60283236E+00
    0.10575167E+01   -0.59384308E+00
    0.10694991E+01   -0.58476723E+00
    0.10811237E+01   -0.57562908E+00
    0.10923981E+01   -0.56644914E+00
    0.11033303E+01   -0.55724473E+00
    0.11139292E+01   -0.54803048E+00
    0.11242039E+01   -0.53881861E+00
    0.11341635E+01   -0.52961931E+00
    0.11438175E+01   -0.52044109E+00
    0.11531751E+01   -0.51129097E+00
    0.11622456E+01   -0.50217464E+00
    0.11710380E+01   -0.49309677E+00
    0.11795613E+01   -0.48406106E+00
    0.11878239E+01   -0.47507042E+00
    0.11958343E+01   -0.46612708E+00
    0.12036005E+01   -0.45723266E+00
    0.12111304E+01   -0.44838833E+00
    0.12184315E+01   -0.43959478E+00
    0.12255109E+01   -0.43085238E+00
    0.12323756E+01   -0.42216115E+00
    0.12390322E+01   -0.41352088E+00
    0.12454870E+01   -0.40493113E+00
    0.12517461E+01   -0.39639126E+00
    0.12578153E+01   -0.38790049E+00
    0.12637000E+01   -0.37945790E+00
    0.12694056E+01   -0.37106247E+00
    0.12749371E+01   -0.36271308E+00
    0.12802991E+01   -0.35440855E+00
    0.12854963E+01   -0.34614764E+00
    0.12905329E+01   -0.33792906E+00
    0.12954131E+01   -0.32975151E+00
    0.13001407E+01   -0.32161363E+00
    0.13047193E+01   -0.31351408E+00
    0.13091526E+01   -0.30545150E+00
    0.13134437E+01   -0.29742453E+00
    0.13175959E+01   -0.28943180E+00
    0.13216120E+01   -0.28147198E+00
    0.13254950E+01   -0.27354372E+00
    0.13292474E+01   -0.26564571E+00
    0.13328718E+01   -0.25777666E+00
    0.13363705E+01   -0.24993528E+00
    0.13397457E+01   -0.24212032E+00
    0.13429997E+01   -0.23433056E+00
    0.13461342E+01   -0.22656480E+00
    0.13491512E+01   -0.21882186E+00
    0.13520526E+01   -0.21110062E+00
    0.13548397E+01   -0.20339994E+00
    0.13575144E+01   -0.19571877E+00
    0.13600779E+01   -0.18805604E+00
    0.13625317E+01   -0.18041073E+00
    0.13648769E+01   -0.17278187E+00
    0.13671149E+01   -0.16516849E+00
    0.13692466E+01   -0.15756967E+00
    0.13712732E+01   -0.14998452E+00
    0.13731955E+01   -0.14241215E+00
    0.13750145E+01   -0.13485174E+00
    0.13767310E+01   -0.12730249E+00
    0.13783457E+01   -0.11976359E+00
    0.13798593E+01   -0.11223431E+00
    0.13812725E+01   -0.10471390E+00
    0.13825859E+01   -0.97201670E-01
    0.13838000E+01   -0.89696925E-01
    0.13849152E+01   -0.82199004E-01
    0.13859320E+01   -0.74707264E-01
    0.13868509E+01   -0.67221087E-01
    0.13876721E+01   -0.59739859E-01
    0.13883961E+01   -0.52262994E-01
    0.13890229E+01   -0.44789916E-01
    0.13895529E+01   -0.37320058E-01
    0.13899863E+01   -0.29852868E-01
    0.13903233E+01   -0.22387802E-01
    0.13905639E+01   -0.14924321E-01
    0.13907082E+01   -0.74618952E-02
    0.13907563E+01    0.44571756E-08
  181    8
    2    0
    0.00000000E+00
    0.55555556E-02
    0.11111111E-01
    0.16666667E-01
    0.22222222E-01
    0.27777778E-01
    0.33333333E-01
    0.38888889E-01
    0.44444444E-01
    0.50000000E-01
    0.55555556E-01
    0.61111111E-01
    0.66666667E-01
    0.72222222E-01
    0.77777778E-01
    0.83333333E-01
    0.88888889E-01
    0.94444444E-01
    0.10000000E+00
    0.10555556E+00
    0.11111111E+00
    0.11666667E+00
    0.12222222E+00
    0.12777778E+00
    0.13333333E+00
    0.13888889E+00
    0.14444444E+00
    0.15000000E+00
    0.15555556E+00
    0.16111111E+00
    0.16666667E+00
    0.17222222E+00
    0.17777778E+00
    0.18333333E+00
    0.18888889E+00
    0.19444444E+00
    0.20000000E+00
    0.20555556E+00
    0.21111111E+00
    0.21666667E+00
    0.22222222E+00
    0.22777778E+00
    0.23333333E+00
    0.23888889E+00
    0.24444444E+00
    0.25000000E+00
    0.25555556E+00
    0.26111111E+00
    0.26666667E+00
    0.27222222E+00
    0.27777778E+00
    0.28333333E+00
    0.28888889E+00
    0.29444444E+00
    0.30000000E+00
    0.30555556E+00
    0.31111111E+00
    0.31666667E+00
    0.32222222E+00
    0.32777778E+00
    0.33333333E+00
    0.33888889E+00
    0.34444444E+00
    0.35000000E+00
    0.35555556E+00
    0.36111111E+00
    0.36666667E+00
    0.37222222E+00
    0.37777778E+00
    0.38333333E+00
    0.38888889E+00
    0.39444444E+00
    0.40000000E+00
    0.40555556E+00
    0.41111111E+00
    0.41666667E+00
    0.42222222E+00
    0.42777778E+00
    0.43333333E+00
    0.43888889E+00
    0.44444444E+00
    0.45000000E+00
    0.45555556E+00
    0.46111111E+00
    0.46666667E+00
    0.47222222E+00
    0.47777778E+00
    0.48333333E+00
    0.48888889E+00
    0.49444444E+00
    0.50000000E+00
    0.50555556E+00
    0.51111111E+00
    0.51666667E+00
    0.52222222E+00
    0.52777778E+00
    0.53333333E+00
    0.53888889E+00
    0.54444444E+00
    0.55000000E+00
    0.55555556E+00
    0.56111111E+00
    0.56666667E+00
    0.57222222E+00
    0.57777778E+00
    0.58333333E+00
    0.58888889E+00
    0.59444444E+00
    0.60000000E+00
    0.60555556E+00
    0.61111111E+00
    0.61666667E+00
    0.62222222E+00
    0.62777778E+00
    0.63333333E+00
    0.63888889E+00
    0.64444444E+00
    0.65000000E+00
    0.65555556E+00
    0.66111111E+00
    0.66666667E+00
    0.67222222E+00
    0.67777778E+00
    0.68333333E+00
    0.68888889E+00
    0.69444444E+00
    0.70000000E+00
    0.70555556E+00
    0.71111111E+00
    0.71666667E+00
    0.72222222E+00
    0.72777778E+00
    0.73333333E+00
    0.73888889E+00
    0.74444444E+00
    0.75000000E+00
    0.75555556E+00
    0.76111111E+00
    0.76666667E+00
    0.77222222E+00
    0.77777778E+00
    0.78333333E+00
    0.78888889E+00
    0.79444444E+00
    0.80000000E+00
    0.80555556E+00
    0.81111111E+00
    0.81666667E+00
    0.82222222E+00
    0.82777778E+00
    0.83333333E+00
    0.83888889E+00
    0.84444444E+00
    0.85000000E+00
    0.85555556E+00
    0.86111111E+00
    0.86666667E+00
    0.87222222E+00
    0.87777778E+00
    0.88333333E+00
    0.88888889E+00
    0.89444444E+00
    0.90000000E+00
    0.90555556E+00
    0.91111111E+00
    0.91666667E+00
    0.92222222E+00
    0.92777778E+00
    0.93333333E+00
    0.93888889E+00
    0.94444444E+00
    0.95000000E+00
    0.95555556E+00
    0.96111111E+00
    0.96666667E+00
    0.97222222E+00
    0.97777778E+00
    0.98333333E+00
    0.98888889E+00
    0.99444444E+00
    0.10000000E+01
    0.17197570E-01
    0.17197434E-01
    0.17197080E-01
    0.17196450E-01
    0.17195489E-01
    0.17194122E-01
    0.17192261E-01
    0.17189821E-01
    0.17186724E-01
    0.17182913E-01
    0.17178357E-01
    0.17173052E-01
    0.17167015E-01
    0.17160273E-01
    0.17152856E-01
    0.17144785E-01
    0.17136068E-01
    0.17126701E-01
    0.17116670E-01
    0.17105954E-01
    0.17094531E-01
    0.17082382E-01
    0.17069490E-01
    0.17055841E-01
    0.17041418E-01
    0.17026204E-01
    0.17010182E-01
    0.16993330E-01
    0.16975630E-01
    0.16957064E-01
    0.16937620E-01
    0.16917287E-01
    0.16896060E-01
    0.16873941E-01
    0.16850943E-01
    0.16827082E-01
    0.16802368E-01
    0.16776798E-01
    0.16750351E-01
    0.16722997E-01
    0.16694710E-01
    0.16665473E-01
    0.16635280E-01
    0.16604130E-01
    0.16572026E-01
    0.16538977E-01
    0.16504997E-01
    0.16470106E-01
    0.16434323E-01
    0.16397649E-01
    0.16360060E-01
    0.16321527E-01
    0.16282029E-01
    0.16241561E-01
    0.16200120E-01
    0.16157708E-01
    0.16114328E-01
    0.16069985E-01
    0.16024690E-01
    0.15978450E-01
    0.15931279E-01
    0.15883200E-01
    0.15834237E-01
    0.15784388E-01
    0.15733611E-01
    0.15681828E-01
    0.15628990E-01
    0.15575179E-01
    0.15520551E-01
    0.15465106E-01
    0.15408695E-01
    0.15351272E-01
    0.15292935E-01
    0.15233765E-01
    0.15173735E-01
    0.15112754E-01
    0.15050831E-01
    0.14988069E-01
    0.14924476E-01
    0.14859968E-01
    0.14794541E-01
    0.14728313E-01
    0.14661324E-01
    0.14593407E-01
    0.14524541E-01
    0.14454937E-01
    0.14384598E-01
    0.14313371E-01
    0.14241272E-01
    0.14168439E-01
    0.14094902E-01
    0.14020559E-01
    0.13945362E-01
    0.13869402E-01
    0.13792794E-01
    0.13715515E-01
    0.13637430E-01
    0.13558550E-01
    0.13479006E-01
    0.13398844E-01
    0.13318048E-01
    0.13236560E-01
    0.13154362E-01
    0.13071525E-01
    0.12988101E-01
    0.12904101E-01
    0.12819530E-01
    0.12734365E-01
    0.12648596E-01
    0.12562278E-01
    0.12475450E-01
    0.12388120E-01
    0.12300301E-01
    0.12212006E-01
    0.12123235E-01
    0.12034004E-01
    0.11944349E-01
    0.11854292E-01
    0.11763846E-01
    0.11673027E-01
    0.11581850E-01
    0.11490336E-01
    0.11398515E-01
    0.11306412E-01
    0.11214040E-01
    0.11121414E-01
    0.11028554E-01
    0.10935482E-01
    0.10842211E-01
    0.10748771E-01
    0.10655223E-01
    0.10561592E-01
    0.10467871E-01
    0.10374075E-01
    0.10280229E-01
    0.10186357E-01
    0.10092474E-01
    0.99986394E-02
    0.99049420E-02
    0.98113748E-02
    0.97179146E-02
    0.96245920E-02
    0.95314264E-02
    0.94384488E-02
    0.93457809E-02
    0.92534937E-02
    0.91615235E-02
    0.90698618E-02
    0.89785273E-02
    0.88876425E-02
    0.87973721E-02
    0.87076527E-02
    0.86183705E-02
    0.85296313E-02
    0.84417003E-02
    0.83545643E-02
    0.82680235E-02
    0.81822802E-02
    0.80976285E-02
    0.80137713E-02
    0.79308580E-02
    0.78492518E-02
    0.77686875E-02
    0.76894002E-02
    0.76114981E-02
    0.75349981E-02
    0.74601596E-02
    0.73868921E-02
    0.73154161E-02
    0.72456557E-02
    0.71769429E-02
    0.71078858E-02
    0.70321115E-02
    0.69380332E-02
    0.67695248E-02
    0.64215064E-02
    0.56366557E-02
    0.40606935E-02
    0.20595315E-02
    0.57985897E-03
    0.53491169E-04
    0.12446394E+01
    0.12448555E+01
    0.12450403E+01
    0.12452008E+01
    0.12453437E+01
    0.12454684E+01
    0.12455695E+01
    0.12456420E+01
    0.12456811E+01
    0.12456819E+01
    0.12456395E+01
    0.12455491E+01
    0.12454058E+01
    0.12452048E+01
    0.12449413E+01
    0.12446103E+01
    0.12442071E+01
    0.12437267E+01
    0.12431644E+01
    0.12425152E+01
    0.12417743E+01
    0.12409369E+01
    0.12399978E+01
    0.12389530E+01
    0.12378021E+01
    0.12365489E+01
    0.12351981E+01
    0.12337542E+01
    0.12322214E+01
    0.12306020E+01
    0.12288967E+01
    0.12271056E+01
    0.12252287E+01
    0.12232648E+01
    0.12212101E+01
    0.12190601E+01
    0.12168109E+01
    0.12144625E+01
    0.12120197E+01
    0.12094882E+01
    0.12068715E+01
    0.12041689E+01
    0.12013781E+01
    0.11984981E+01
    0.11955324E+01
    0.11924866E+01
    0.11893627E+01
    0.11861544E+01
    0.11828524E+01
    0.11794526E+01
    0.11759583E+01
    0.11723744E+01
    0.11687018E+01
    0.11649397E+01
    0.11610899E+01
    0.11571595E+01
    0.11531532E+01
    0.11490653E+01
    0.11448859E+01
    0.11406107E+01
    0.11362399E+01
    0.11317754E+01
    0.11272199E+01
    0.11225814E+01
    0.11178707E+01
    0.11130853E+01
    0.11082073E+01
    0.11032274E+01
    0.10981538E+01
    0.10930008E+01
    0.10877763E+01
    0.10824642E+01
    0.10770467E+01
    0.10715440E+01
    0.10659733E+01
    0.10603091E+01
    0.10545431E+01
    0.10487004E+01
    0.10427795E+01
    0.10367625E+01
    0.10306544E+01
    0.10244678E+01
    0.10182029E+01
    0.10118442E+01
    0.10053910E+01
    0.99886185E+00
    0.99225238E+00
    0.98554876E+00
    0.97875322E+00
    0.97187799E+00
    0.96492574E+00
    0.95788581E+00
    0.95075138E+00
    0.94352853E+00
    0.93622854E+00
    0.92885117E+00
    0.92138153E+00
    0.91381900E+00
    0.90617473E+00
    0.89845020E+00
    0.89064626E+00
    0.88275794E+00
    0.87477697E+00
    0.86670555E+00
    0.85855561E+00
    0.85032921E+00
    0.84202110E+00
    0.83362815E+00
    0.82514504E+00
    0.81656978E+00
    0.80791712E+00
    0.79918773E+00
    0.79037920E+00
    0.78148872E+00
    0.77251361E+00
    0.76344993E+00
    0.75429717E+00
    0.74506569E+00
    0.73575829E+00
    0.72637383E+00
    0.71690884E+00
    0.70736394E+00
    0.69773669E+00
    0.68801983E+00
    0.67821426E+00
    0.66833488E+00
    0.65838370E+00
    0.64835576E+00
    0.63824964E+00
    0.62806448E+00
    0.61779991E+00
    0.60745000E+00
    0.59701023E+00
    0.58649569E+00
    0.57591631E+00
    0.56526458E+00
    0.55453711E+00
    0.54373274E+00
    0.53284826E+00
    0.52187338E+00
    0.51081792E+00
    0.49970325E+00
    0.48852587E+00
    0.47727702E+00
    0.46594876E+00
    0.45452998E+00
    0.44302774E+00
    0.43147544E+00
    0.41986868E+00
    0.40818650E+00
    0.39640685E+00
    0.38454856E+00
    0.37265420E+00
    0.36070101E+00
    0.34864600E+00
    0.33651289E+00
    0.32435153E+00
    0.31211390E+00
    0.29978051E+00
    0.28740987E+00
    0.27497278E+00
    0.26244746E+00
    0.24988075E+00
    0.23722568E+00
    0.22451882E+00
    0.21174502E+00
    0.19891689E+00
    0.18602135E+00
    0.17313499E+00
    0.16036985E+00
    0.14805355E+00
    0.13724896E+00
    0.13034090E+00
    0.13463717E+00
    0.17487202E+00
    0.29642689E+00
    0.51345312E+00
    0.72036076E+00
    0.67665379E+00
    0.35048974E+00
    0.36498179E-01

